0 info it worked if it ends with ok
1 verbose cli [ '/usr/local/bin/node',
1 verbose cli   '/usr/local/bin/npm',
1 verbose cli   'install',
1 verbose cli   'osxkeychain',
1 verbose cli   'helper' ]
2 info using npm@3.10.3
3 info using node@v6.4.0
4 silly loadCurrentTree Starting
5 silly install loadCurrentTree
6 silly install readLocalPackageData
7 silly fetchPackageMetaData osxkeychain
8 silly fetchPackageMetaData helper
9 silly fetchNamedPackageData osxkeychain
10 silly mapToRegistry name osxkeychain
11 silly mapToRegistry using default registry
12 silly mapToRegistry registry https://registry.npmjs.org/
13 silly mapToRegistry data Result {
13 silly mapToRegistry   raw: 'osxkeychain',
13 silly mapToRegistry   scope: null,
13 silly mapToRegistry   escapedName: 'osxkeychain',
13 silly mapToRegistry   name: 'osxkeychain',
13 silly mapToRegistry   rawSpec: '',
13 silly mapToRegistry   spec: 'latest',
13 silly mapToRegistry   type: 'tag' }
14 silly mapToRegistry uri https://registry.npmjs.org/osxkeychain
15 silly fetchNamedPackageData helper
16 silly mapToRegistry name helper
17 silly mapToRegistry using default registry
18 silly mapToRegistry registry https://registry.npmjs.org/
19 silly mapToRegistry data Result {
19 silly mapToRegistry   raw: 'helper',
19 silly mapToRegistry   scope: null,
19 silly mapToRegistry   escapedName: 'helper',
19 silly mapToRegistry   name: 'helper',
19 silly mapToRegistry   rawSpec: '',
19 silly mapToRegistry   spec: 'latest',
19 silly mapToRegistry   type: 'tag' }
20 silly mapToRegistry uri https://registry.npmjs.org/helper
21 verbose request uri https://registry.npmjs.org/helper
22 verbose request no auth needed
23 info attempt registry request try #1 at 6:47:45 PM
24 verbose request id 95e72a81d515b055
25 http request GET https://registry.npmjs.org/helper
26 verbose request uri https://registry.npmjs.org/osxkeychain
27 verbose request no auth needed
28 info attempt registry request try #1 at 6:47:45 PM
29 http request GET https://registry.npmjs.org/osxkeychain
30 http 404 https://registry.npmjs.org/osxkeychain
31 verbose headers { 'content-type': 'application/json',
31 verbose headers   'cache-control': 'max-age=0',
31 verbose headers   'content-length': '2',
31 verbose headers   'accept-ranges': 'bytes',
31 verbose headers   date: 'Tue, 30 Aug 2016 01:47:46 GMT',
31 verbose headers   via: '1.1 varnish',
31 verbose headers   age: '0',
31 verbose headers   connection: 'keep-alive',
31 verbose headers   'x-served-by': 'cache-ord1726-ORD',
31 verbose headers   'x-cache': 'MISS',
31 verbose headers   'x-cache-hits': '0',
31 verbose headers   'x-timer': 'S1472521666.350151,VS0,VE358',
31 verbose headers   vary: 'Accept-Encoding' }
32 silly get cb [ 404,
32 silly get   { 'content-type': 'application/json',
32 silly get     'cache-control': 'max-age=0',
32 silly get     'content-length': '2',
32 silly get     'accept-ranges': 'bytes',
32 silly get     date: 'Tue, 30 Aug 2016 01:47:46 GMT',
32 silly get     via: '1.1 varnish',
32 silly get     age: '0',
32 silly get     connection: 'keep-alive',
32 silly get     'x-served-by': 'cache-ord1726-ORD',
32 silly get     'x-cache': 'MISS',
32 silly get     'x-cache-hits': '0',
32 silly get     'x-timer': 'S1472521666.350151,VS0,VE358',
32 silly get     vary: 'Accept-Encoding' } ]
33 silly fetchPackageMetaData Error: Registry returned 404 for GET on https://registry.npmjs.org/osxkeychain
33 silly fetchPackageMetaData     at makeError (/usr/local/lib/node_modules/npm/node_modules/npm-registry-client/lib/request.js:264:12)
33 silly fetchPackageMetaData     at CachingRegistryClient.<anonymous> (/usr/local/lib/node_modules/npm/node_modules/npm-registry-client/lib/request.js:242:14)
33 silly fetchPackageMetaData     at Request._callback (/usr/local/lib/node_modules/npm/node_modules/npm-registry-client/lib/request.js:172:14)
33 silly fetchPackageMetaData     at Request.self.callback (/usr/local/lib/node_modules/npm/node_modules/request/request.js:200:22)
33 silly fetchPackageMetaData     at emitTwo (events.js:106:13)
33 silly fetchPackageMetaData     at Request.emit (events.js:191:7)
33 silly fetchPackageMetaData     at Request.<anonymous> (/usr/local/lib/node_modules/npm/node_modules/request/request.js:1067:10)
33 silly fetchPackageMetaData     at emitOne (events.js:101:20)
33 silly fetchPackageMetaData     at Request.emit (events.js:188:7)
33 silly fetchPackageMetaData     at IncomingMessage.<anonymous> (/usr/local/lib/node_modules/npm/node_modules/request/request.js:988:12)
33 silly fetchPackageMetaData  error for osxkeychain { Error: Registry returned 404 for GET on https://registry.npmjs.org/osxkeychain
33 silly fetchPackageMetaData     at makeError (/usr/local/lib/node_modules/npm/node_modules/npm-registry-client/lib/request.js:264:12)
33 silly fetchPackageMetaData     at CachingRegistryClient.<anonymous> (/usr/local/lib/node_modules/npm/node_modules/npm-registry-client/lib/request.js:242:14)
33 silly fetchPackageMetaData     at Request._callback (/usr/local/lib/node_modules/npm/node_modules/npm-registry-client/lib/request.js:172:14)
33 silly fetchPackageMetaData     at Request.self.callback (/usr/local/lib/node_modules/npm/node_modules/request/request.js:200:22)
33 silly fetchPackageMetaData     at emitTwo (events.js:106:13)
33 silly fetchPackageMetaData     at Request.emit (events.js:191:7)
33 silly fetchPackageMetaData     at Request.<anonymous> (/usr/local/lib/node_modules/npm/node_modules/request/request.js:1067:10)
33 silly fetchPackageMetaData     at emitOne (events.js:101:20)
33 silly fetchPackageMetaData     at Request.emit (events.js:188:7)
33 silly fetchPackageMetaData     at IncomingMessage.<anonymous> (/usr/local/lib/node_modules/npm/node_modules/request/request.js:988:12) pkgid: 'osxkeychain', statusCode: 404, code: 'E404' }
34 http 200 https://registry.npmjs.org/helper
35 verbose headers { server: 'CouchDB/1.5.0 (Erlang OTP/R16B03)',
35 verbose headers   etag: '"AY88KSBKL60X14NUAXPDSGZA9"',
35 verbose headers   'content-type': 'application/json',
35 verbose headers   'content-encoding': 'gzip',
35 verbose headers   'cache-control': 'max-age=300',
35 verbose headers   'content-length': '2069',
35 verbose headers   'accept-ranges': 'bytes',
35 verbose headers   date: 'Tue, 30 Aug 2016 01:47:46 GMT',
35 verbose headers   via: '1.1 varnish',
35 verbose headers   age: '0',
35 verbose headers   connection: 'keep-alive',
35 verbose headers   'x-served-by': 'cache-ord1744-ORD',
35 verbose headers   'x-cache': 'MISS',
35 verbose headers   'x-cache-hits': '0',
35 verbose headers   'x-timer': 'S1472521666.347561,VS0,VE354',
35 verbose headers   vary: 'Accept-Encoding' }
36 silly get cb [ 200,
36 silly get   { server: 'CouchDB/1.5.0 (Erlang OTP/R16B03)',
36 silly get     etag: '"AY88KSBKL60X14NUAXPDSGZA9"',
36 silly get     'content-type': 'application/json',
36 silly get     'content-encoding': 'gzip',
36 silly get     'cache-control': 'max-age=300',
36 silly get     'content-length': '2069',
36 silly get     'accept-ranges': 'bytes',
36 silly get     date: 'Tue, 30 Aug 2016 01:47:46 GMT',
36 silly get     via: '1.1 varnish',
36 silly get     age: '0',
36 silly get     connection: 'keep-alive',
36 silly get     'x-served-by': 'cache-ord1744-ORD',
36 silly get     'x-cache': 'MISS',
36 silly get     'x-cache-hits': '0',
36 silly get     'x-timer': 'S1472521666.347561,VS0,VE354',
36 silly get     vary: 'Accept-Encoding' } ]
37 verbose get saving helper to /Users/wmginsberg/.npm/registry.npmjs.org/helper/.cache.json
38 verbose correctMkdir /Users/wmginsberg/.npm correctMkdir not in flight; initializing
39 silly rollbackFailedOptional Starting
40 silly rollbackFailedOptional Finishing
41 silly runTopLevelLifecycles Starting
42 silly runTopLevelLifecycles Finishing
43 silly install printInstalled
44 verbose stack Error: Registry returned 404 for GET on https://registry.npmjs.org/osxkeychain
44 verbose stack     at makeError (/usr/local/lib/node_modules/npm/node_modules/npm-registry-client/lib/request.js:264:12)
44 verbose stack     at CachingRegistryClient.<anonymous> (/usr/local/lib/node_modules/npm/node_modules/npm-registry-client/lib/request.js:242:14)
44 verbose stack     at Request._callback (/usr/local/lib/node_modules/npm/node_modules/npm-registry-client/lib/request.js:172:14)
44 verbose stack     at Request.self.callback (/usr/local/lib/node_modules/npm/node_modules/request/request.js:200:22)
44 verbose stack     at emitTwo (events.js:106:13)
44 verbose stack     at Request.emit (events.js:191:7)
44 verbose stack     at Request.<anonymous> (/usr/local/lib/node_modules/npm/node_modules/request/request.js:1067:10)
44 verbose stack     at emitOne (events.js:101:20)
44 verbose stack     at Request.emit (events.js:188:7)
44 verbose stack     at IncomingMessage.<anonymous> (/usr/local/lib/node_modules/npm/node_modules/request/request.js:988:12)
45 verbose statusCode 404
46 verbose pkgid osxkeychain
47 verbose cwd /Users/wmginsberg/Desktop/call-your-grandma
48 error Darwin 15.6.0
49 error argv "/usr/local/bin/node" "/usr/local/bin/npm" "install" "osxkeychain" "helper"
50 error node v6.4.0
51 error npm  v3.10.3
52 error code E404
53 error 404 Registry returned 404 for GET on https://registry.npmjs.org/osxkeychain
54 error 404
55 error 404 'osxkeychain' is not in the npm registry.
56 error 404 You should bug the author to publish it (or use the name yourself!)
57 error 404 Note that you can also install from a
58 error 404 tarball, folder, http url, or git url.
59 verbose exit [ 1, true ]
